{"C:\\Users\\kiljo\\source\\repos\\truffle_practice\\chapter1_react_typescript\\src\\App.tsx": {"path":"C:\\Users\\kiljo\\source\\repos\\truffle_practice\\chapter1_react_typescript\\src\\App.tsx","statementMap":{"0":{"start":{"line":2,"column":16},"end":{"line":11,"column":4}},"1":{"start":{"line":3,"column":24},"end":{"line":5,"column":82}},"2":{"start":{"line":4,"column":65},"end":{"line":4,"column":81}},"3":{"start":{"line":5,"column":26},"end":{"line":5,"column":80}},"4":{"start":{"line":5,"column":43},"end":{"line":5,"column":80}},"5":{"start":{"line":5,"column":68},"end":{"line":5,"column":80}},"6":{"start":{"line":6,"column":4},"end":{"line":10,"column":6}},"7":{"start":{"line":7,"column":8},"end":{"line":7,"column":28}},"8":{"start":{"line":8,"column":24},"end":{"line":8,"column":45}},"9":{"start":{"line":9,"column":8},"end":{"line":9,"column":93}},"10":{"start":{"line":12,"column":16},"end":{"line":19,"column":1}},"11":{"start":{"line":13,"column":4},"end":{"line":18,"column":7}},"12":{"start":{"line":14,"column":36},"end":{"line":14,"column":97}},"13":{"start":{"line":14,"column":42},"end":{"line":14,"column":70}},"14":{"start":{"line":14,"column":85},"end":{"line":14,"column":95}},"15":{"start":{"line":15,"column":35},"end":{"line":15,"column":100}},"16":{"start":{"line":15,"column":41},"end":{"line":15,"column":73}},"17":{"start":{"line":15,"column":88},"end":{"line":15,"column":98}},"18":{"start":{"line":16,"column":32},"end":{"line":16,"column":149}},"19":{"start":{"line":16,"column":97},"end":{"line":16,"column":119}},"20":{"start":{"line":17,"column":8},"end":{"line":17,"column":78}},"21":{"start":{"line":20,"column":18},"end":{"line":46,"column":1}},"22":{"start":{"line":21,"column":12},"end":{"line":21,"column":104}},"23":{"start":{"line":21,"column":43},"end":{"line":21,"column":68}},"24":{"start":{"line":21,"column":57},"end":{"line":21,"column":68}},"25":{"start":{"line":21,"column":69},"end":{"line":21,"column":81}},"26":{"start":{"line":22,"column":4},"end":{"line":22,"column":157}},"27":{"start":{"line":22,"column":138},"end":{"line":22,"column":150}},"28":{"start":{"line":23,"column":23},"end":{"line":23,"column":68}},"29":{"start":{"line":23,"column":45},"end":{"line":23,"column":65}},"30":{"start":{"line":25,"column":8},"end":{"line":25,"column":70}},"31":{"start":{"line":25,"column":15},"end":{"line":25,"column":70}},"32":{"start":{"line":26,"column":8},"end":{"line":43,"column":66}},"33":{"start":{"line":26,"column":18},"end":{"line":43,"column":66}},"34":{"start":{"line":27,"column":12},"end":{"line":27,"column":127}},"35":{"start":{"line":27,"column":118},"end":{"line":27,"column":127}},"36":{"start":{"line":28,"column":12},"end":{"line":28,"column":44}},"37":{"start":{"line":28,"column":26},"end":{"line":28,"column":44}},"38":{"start":{"line":29,"column":12},"end":{"line":41,"column":13}},"39":{"start":{"line":30,"column":32},"end":{"line":30,"column":39}},"40":{"start":{"line":30,"column":40},"end":{"line":30,"column":46}},"41":{"start":{"line":31,"column":24},"end":{"line":31,"column":34}},"42":{"start":{"line":31,"column":35},"end":{"line":31,"column":72}},"43":{"start":{"line":32,"column":24},"end":{"line":32,"column":34}},"44":{"start":{"line":32,"column":35},"end":{"line":32,"column":45}},"45":{"start":{"line":32,"column":46},"end":{"line":32,"column":55}},"46":{"start":{"line":32,"column":56},"end":{"line":32,"column":65}},"47":{"start":{"line":33,"column":24},"end":{"line":33,"column":41}},"48":{"start":{"line":33,"column":42},"end":{"line":33,"column":55}},"49":{"start":{"line":33,"column":56},"end":{"line":33,"column":65}},"50":{"start":{"line":35,"column":20},"end":{"line":35,"column":128}},"51":{"start":{"line":35,"column":110},"end":{"line":35,"column":116}},"52":{"start":{"line":35,"column":117},"end":{"line":35,"column":126}},"53":{"start":{"line":36,"column":20},"end":{"line":36,"column":106}},"54":{"start":{"line":36,"column":81},"end":{"line":36,"column":97}},"55":{"start":{"line":36,"column":98},"end":{"line":36,"column":104}},"56":{"start":{"line":37,"column":20},"end":{"line":37,"column":89}},"57":{"start":{"line":37,"column":57},"end":{"line":37,"column":72}},"58":{"start":{"line":37,"column":73},"end":{"line":37,"column":80}},"59":{"start":{"line":37,"column":81},"end":{"line":37,"column":87}},"60":{"start":{"line":38,"column":20},"end":{"line":38,"column":87}},"61":{"start":{"line":38,"column":47},"end":{"line":38,"column":62}},"62":{"start":{"line":38,"column":63},"end":{"line":38,"column":78}},"63":{"start":{"line":38,"column":79},"end":{"line":38,"column":85}},"64":{"start":{"line":39,"column":20},"end":{"line":39,"column":42}},"65":{"start":{"line":39,"column":30},"end":{"line":39,"column":42}},"66":{"start":{"line":40,"column":20},"end":{"line":40,"column":33}},"67":{"start":{"line":40,"column":34},"end":{"line":40,"column":43}},"68":{"start":{"line":42,"column":12},"end":{"line":42,"column":39}},"69":{"start":{"line":43,"column":22},"end":{"line":43,"column":34}},"70":{"start":{"line":43,"column":35},"end":{"line":43,"column":41}},"71":{"start":{"line":43,"column":54},"end":{"line":43,"column":64}},"72":{"start":{"line":44,"column":8},"end":{"line":44,"column":35}},"73":{"start":{"line":44,"column":23},"end":{"line":44,"column":35}},"74":{"start":{"line":44,"column":36},"end":{"line":44,"column":89}},"75":{"start":{"line":47,"column":0},"end":{"line":47,"column":62}},"76":{"start":{"line":48,"column":12},"end":{"line":48,"column":28}},"77":{"start":{"line":49,"column":16},"end":{"line":49,"column":41}},"78":{"start":{"line":50,"column":16},"end":{"line":50,"column":36}},"79":{"start":{"line":51,"column":11},"end":{"line":51,"column":32}},"80":{"start":{"line":52,"column":19},"end":{"line":52,"column":53}},"81":{"start":{"line":53,"column":25},"end":{"line":99,"column":18}},"82":{"start":{"line":54,"column":4},"end":{"line":54,"column":27}},"83":{"start":{"line":56,"column":20},"end":{"line":56,"column":52}},"84":{"start":{"line":57,"column":8},"end":{"line":59,"column":10}},"85":{"start":{"line":60,"column":8},"end":{"line":60,"column":21}},"86":{"start":{"line":62,"column":4},"end":{"line":77,"column":6}},"87":{"start":{"line":63,"column":8},"end":{"line":76,"column":11}},"88":{"start":{"line":65,"column":12},"end":{"line":75,"column":15}},"89":{"start":{"line":66,"column":16},"end":{"line":74,"column":17}},"90":{"start":{"line":67,"column":28},"end":{"line":67,"column":70}},"91":{"start":{"line":69,"column":24},"end":{"line":69,"column":41}},"92":{"start":{"line":70,"column":24},"end":{"line":72,"column":27}},"93":{"start":{"line":73,"column":24},"end":{"line":73,"column":46}},"94":{"start":{"line":78,"column":4},"end":{"line":97,"column":6}},"95":{"start":{"line":79,"column":8},"end":{"line":96,"column":108}},"96":{"start":{"line":98,"column":4},"end":{"line":98,"column":15}},"97":{"start":{"line":100,"column":0},"end":{"line":100,"column":22}}},"fnMap":{"0":{"name":"(anonymous_0)","decl":{"start":{"line":2,"column":45},"end":{"line":2,"column":46}},"loc":{"start":{"line":2,"column":57},"end":{"line":11,"column":1}},"line":2},"1":{"name":"(anonymous_1)","decl":{"start":{"line":4,"column":47},"end":{"line":4,"column":48}},"loc":{"start":{"line":4,"column":63},"end":{"line":4,"column":83}},"line":4},"2":{"name":"(anonymous_2)","decl":{"start":{"line":5,"column":8},"end":{"line":5,"column":9}},"loc":{"start":{"line":5,"column":24},"end":{"line":5,"column":82}},"line":5},"3":{"name":"(anonymous_3)","decl":{"start":{"line":6,"column":11},"end":{"line":6,"column":12}},"loc":{"start":{"line":6,"column":27},"end":{"line":10,"column":5}},"line":6},"4":{"name":"__","decl":{"start":{"line":8,"column":17},"end":{"line":8,"column":19}},"loc":{"start":{"line":8,"column":22},"end":{"line":8,"column":47}},"line":8},"5":{"name":"(anonymous_5)","decl":{"start":{"line":12,"column":44},"end":{"line":12,"column":45}},"loc":{"start":{"line":12,"column":89},"end":{"line":19,"column":1}},"line":12},"6":{"name":"(anonymous_6)","decl":{"start":{"line":13,"column":36},"end":{"line":13,"column":37}},"loc":{"start":{"line":13,"column":63},"end":{"line":18,"column":5}},"line":13},"7":{"name":"fulfilled","decl":{"start":{"line":14,"column":17},"end":{"line":14,"column":26}},"loc":{"start":{"line":14,"column":34},"end":{"line":14,"column":99}},"line":14},"8":{"name":"rejected","decl":{"start":{"line":15,"column":17},"end":{"line":15,"column":25}},"loc":{"start":{"line":15,"column":33},"end":{"line":15,"column":102}},"line":15},"9":{"name":"step","decl":{"start":{"line":16,"column":17},"end":{"line":16,"column":21}},"loc":{"start":{"line":16,"column":30},"end":{"line":16,"column":151}},"line":16},"10":{"name":"(anonymous_10)","decl":{"start":{"line":16,"column":76},"end":{"line":16,"column":77}},"loc":{"start":{"line":16,"column":95},"end":{"line":16,"column":121}},"line":16},"11":{"name":"(anonymous_11)","decl":{"start":{"line":20,"column":48},"end":{"line":20,"column":49}},"loc":{"start":{"line":20,"column":73},"end":{"line":46,"column":1}},"line":20},"12":{"name":"(anonymous_12)","decl":{"start":{"line":21,"column":30},"end":{"line":21,"column":31}},"loc":{"start":{"line":21,"column":41},"end":{"line":21,"column":83}},"line":21},"13":{"name":"(anonymous_13)","decl":{"start":{"line":22,"column":125},"end":{"line":22,"column":126}},"loc":{"start":{"line":22,"column":136},"end":{"line":22,"column":152}},"line":22},"14":{"name":"verb","decl":{"start":{"line":23,"column":13},"end":{"line":23,"column":17}},"loc":{"start":{"line":23,"column":21},"end":{"line":23,"column":70}},"line":23},"15":{"name":"(anonymous_15)","decl":{"start":{"line":23,"column":30},"end":{"line":23,"column":31}},"loc":{"start":{"line":23,"column":43},"end":{"line":23,"column":67}},"line":23},"16":{"name":"step","decl":{"start":{"line":24,"column":13},"end":{"line":24,"column":17}},"loc":{"start":{"line":24,"column":22},"end":{"line":45,"column":5}},"line":24},"17":{"name":"(anonymous_17)","decl":{"start":{"line":53,"column":25},"end":{"line":53,"column":26}},"loc":{"start":{"line":53,"column":43},"end":{"line":99,"column":1}},"line":53},"18":{"name":"App","decl":{"start":{"line":55,"column":13},"end":{"line":55,"column":16}},"loc":{"start":{"line":55,"column":24},"end":{"line":61,"column":5}},"line":55},"19":{"name":"(anonymous_19)","decl":{"start":{"line":62,"column":39},"end":{"line":62,"column":40}},"loc":{"start":{"line":62,"column":51},"end":{"line":77,"column":5}},"line":62},"20":{"name":"(anonymous_20)","decl":{"start":{"line":63,"column":47},"end":{"line":63,"column":48}},"loc":{"start":{"line":63,"column":59},"end":{"line":76,"column":9}},"line":63},"21":{"name":"(anonymous_21)","decl":{"start":{"line":65,"column":37},"end":{"line":65,"column":38}},"loc":{"start":{"line":65,"column":51},"end":{"line":75,"column":13}},"line":65},"22":{"name":"(anonymous_22)","decl":{"start":{"line":78,"column":27},"end":{"line":78,"column":28}},"loc":{"start":{"line":78,"column":39},"end":{"line":97,"column":5}},"line":78}},"branchMap":{"0":{"loc":{"start":{"line":2,"column":16},"end":{"line":11,"column":4}},"type":"binary-expr","locations":[{"start":{"line":2,"column":17},"end":{"line":2,"column":21}},{"start":{"line":2,"column":25},"end":{"line":2,"column":39}},{"start":{"line":2,"column":44},"end":{"line":11,"column":4}}],"line":2},"1":{"loc":{"start":{"line":3,"column":24},"end":{"line":5,"column":82}},"type":"binary-expr","locations":[{"start":{"line":3,"column":24},"end":{"line":3,"column":45}},{"start":{"line":4,"column":9},"end":{"line":4,"column":43}},{"start":{"line":4,"column":47},"end":{"line":4,"column":83}},{"start":{"line":5,"column":8},"end":{"line":5,"column":82}}],"line":3},"2":{"loc":{"start":{"line":5,"column":43},"end":{"line":5,"column":80}},"type":"if","locations":[{"start":{"line":5,"column":43},"end":{"line":5,"column":80}},{"start":{"line":5,"column":43},"end":{"line":5,"column":80}}],"line":5},"3":{"loc":{"start":{"line":9,"column":22},"end":{"line":9,"column":92}},"type":"cond-expr","locations":[{"start":{"line":9,"column":35},"end":{"line":9,"column":51}},{"start":{"line":9,"column":55},"end":{"line":9,"column":91}}],"line":9},"4":{"loc":{"start":{"line":12,"column":16},"end":{"line":19,"column":1}},"type":"binary-expr","locations":[{"start":{"line":12,"column":17},"end":{"line":12,"column":21}},{"start":{"line":12,"column":25},"end":{"line":12,"column":39}},{"start":{"line":12,"column":44},"end":{"line":19,"column":1}}],"line":12},"5":{"loc":{"start":{"line":13,"column":16},"end":{"line":13,"column":34}},"type":"binary-expr","locations":[{"start":{"line":13,"column":16},"end":{"line":13,"column":17}},{"start":{"line":13,"column":22},"end":{"line":13,"column":33}}],"line":13},"6":{"loc":{"start":{"line":16,"column":32},"end":{"line":16,"column":148}},"type":"cond-expr","locations":[{"start":{"line":16,"column":46},"end":{"line":16,"column":67}},{"start":{"line":16,"column":70},"end":{"line":16,"column":148}}],"line":16},"7":{"loc":{"start":{"line":17,"column":51},"end":{"line":17,"column":67}},"type":"binary-expr","locations":[{"start":{"line":17,"column":51},"end":{"line":17,"column":61}},{"start":{"line":17,"column":65},"end":{"line":17,"column":67}}],"line":17},"8":{"loc":{"start":{"line":20,"column":18},"end":{"line":46,"column":1}},"type":"binary-expr","locations":[{"start":{"line":20,"column":19},"end":{"line":20,"column":23}},{"start":{"line":20,"column":27},"end":{"line":20,"column":43}},{"start":{"line":20,"column":48},"end":{"line":46,"column":1}}],"line":20},"9":{"loc":{"start":{"line":21,"column":43},"end":{"line":21,"column":68}},"type":"if","locations":[{"start":{"line":21,"column":43},"end":{"line":21,"column":68}},{"start":{"line":21,"column":43},"end":{"line":21,"column":68}}],"line":21},"10":{"loc":{"start":{"line":22,"column":71},"end":{"line":22,"column":153}},"type":"binary-expr","locations":[{"start":{"line":22,"column":71},"end":{"line":22,"column":99}},{"start":{"line":22,"column":104},"end":{"line":22,"column":152}}],"line":22},"11":{"loc":{"start":{"line":25,"column":8},"end":{"line":25,"column":70}},"type":"if","locations":[{"start":{"line":25,"column":8},"end":{"line":25,"column":70}},{"start":{"line":25,"column":8},"end":{"line":25,"column":70}}],"line":25},"12":{"loc":{"start":{"line":27,"column":12},"end":{"line":27,"column":127}},"type":"if","locations":[{"start":{"line":27,"column":12},"end":{"line":27,"column":127}},{"start":{"line":27,"column":12},"end":{"line":27,"column":127}}],"line":27},"13":{"loc":{"start":{"line":27,"column":23},"end":{"line":27,"column":116}},"type":"binary-expr","locations":[{"start":{"line":27,"column":23},"end":{"line":27,"column":24}},{"start":{"line":27,"column":29},"end":{"line":27,"column":83}},{"start":{"line":27,"column":88},"end":{"line":27,"column":116}}],"line":27},"14":{"loc":{"start":{"line":27,"column":35},"end":{"line":27,"column":82}},"type":"cond-expr","locations":[{"start":{"line":27,"column":47},"end":{"line":27,"column":55}},{"start":{"line":27,"column":58},"end":{"line":27,"column":82}}],"line":27},"15":{"loc":{"start":{"line":27,"column":58},"end":{"line":27,"column":82}},"type":"cond-expr","locations":[{"start":{"line":27,"column":66},"end":{"line":27,"column":73}},{"start":{"line":27,"column":76},"end":{"line":27,"column":82}}],"line":27},"16":{"loc":{"start":{"line":28,"column":12},"end":{"line":28,"column":44}},"type":"if","locations":[{"start":{"line":28,"column":12},"end":{"line":28,"column":44}},{"start":{"line":28,"column":12},"end":{"line":28,"column":44}}],"line":28},"17":{"loc":{"start":{"line":29,"column":12},"end":{"line":41,"column":13}},"type":"switch","locations":[{"start":{"line":30,"column":16},"end":{"line":30,"column":23}},{"start":{"line":30,"column":24},"end":{"line":30,"column":46}},{"start":{"line":31,"column":16},"end":{"line":31,"column":72}},{"start":{"line":32,"column":16},"end":{"line":32,"column":65}},{"start":{"line":33,"column":16},"end":{"line":33,"column":65}},{"start":{"line":34,"column":16},"end":{"line":40,"column":43}}],"line":29},"18":{"loc":{"start":{"line":35,"column":20},"end":{"line":35,"column":128}},"type":"if","locations":[{"start":{"line":35,"column":20},"end":{"line":35,"column":128}},{"start":{"line":35,"column":20},"end":{"line":35,"column":128}}],"line":35},"19":{"loc":{"start":{"line":35,"column":24},"end":{"line":35,"column":106}},"type":"binary-expr","locations":[{"start":{"line":35,"column":24},"end":{"line":35,"column":74}},{"start":{"line":35,"column":79},"end":{"line":35,"column":90}},{"start":{"line":35,"column":94},"end":{"line":35,"column":105}}],"line":35},"20":{"loc":{"start":{"line":35,"column":42},"end":{"line":35,"column":73}},"type":"binary-expr","locations":[{"start":{"line":35,"column":42},"end":{"line":35,"column":54}},{"start":{"line":35,"column":58},"end":{"line":35,"column":73}}],"line":35},"21":{"loc":{"start":{"line":36,"column":20},"end":{"line":36,"column":106}},"type":"if","locations":[{"start":{"line":36,"column":20},"end":{"line":36,"column":106}},{"start":{"line":36,"column":20},"end":{"line":36,"column":106}}],"line":36},"22":{"loc":{"start":{"line":36,"column":24},"end":{"line":36,"column":77}},"type":"binary-expr","locations":[{"start":{"line":36,"column":24},"end":{"line":36,"column":35}},{"start":{"line":36,"column":40},"end":{"line":36,"column":42}},{"start":{"line":36,"column":47},"end":{"line":36,"column":59}},{"start":{"line":36,"column":63},"end":{"line":36,"column":75}}],"line":36},"23":{"loc":{"start":{"line":37,"column":20},"end":{"line":37,"column":89}},"type":"if","locations":[{"start":{"line":37,"column":20},"end":{"line":37,"column":89}},{"start":{"line":37,"column":20},"end":{"line":37,"column":89}}],"line":37},"24":{"loc":{"start":{"line":37,"column":24},"end":{"line":37,"column":53}},"type":"binary-expr","locations":[{"start":{"line":37,"column":24},"end":{"line":37,"column":35}},{"start":{"line":37,"column":39},"end":{"line":37,"column":53}}],"line":37},"25":{"loc":{"start":{"line":38,"column":20},"end":{"line":38,"column":87}},"type":"if","locations":[{"start":{"line":38,"column":20},"end":{"line":38,"column":87}},{"start":{"line":38,"column":20},"end":{"line":38,"column":87}}],"line":38},"26":{"loc":{"start":{"line":38,"column":24},"end":{"line":38,"column":43}},"type":"binary-expr","locations":[{"start":{"line":38,"column":24},"end":{"line":38,"column":25}},{"start":{"line":38,"column":29},"end":{"line":38,"column":43}}],"line":38},"27":{"loc":{"start":{"line":39,"column":20},"end":{"line":39,"column":42}},"type":"if","locations":[{"start":{"line":39,"column":20},"end":{"line":39,"column":42}},{"start":{"line":39,"column":20},"end":{"line":39,"column":42}}],"line":39},"28":{"loc":{"start":{"line":44,"column":8},"end":{"line":44,"column":35}},"type":"if","locations":[{"start":{"line":44,"column":8},"end":{"line":44,"column":35}},{"start":{"line":44,"column":8},"end":{"line":44,"column":35}}],"line":44},"29":{"loc":{"start":{"line":44,"column":52},"end":{"line":44,"column":74}},"type":"cond-expr","locations":[{"start":{"line":44,"column":60},"end":{"line":44,"column":65}},{"start":{"line":44,"column":68},"end":{"line":44,"column":74}}],"line":44},"30":{"loc":{"start":{"line":56,"column":20},"end":{"line":56,"column":52}},"type":"binary-expr","locations":[{"start":{"line":56,"column":20},"end":{"line":56,"column":44}},{"start":{"line":56,"column":48},"end":{"line":56,"column":52}}],"line":56},"31":{"loc":{"start":{"line":66,"column":16},"end":{"line":74,"column":17}},"type":"switch","locations":[{"start":{"line":67,"column":20},"end":{"line":67,"column":70}},{"start":{"line":68,"column":20},"end":{"line":73,"column":46}}],"line":66},"32":{"loc":{"start":{"line":83,"column":74},"end":{"line":94,"column":65}},"type":"cond-expr","locations":[{"start":{"line":83,"column":93},"end":{"line":93,"column":69}},{"start":{"line":94,"column":16},"end":{"line":94,"column":65}}],"line":83},"33":{"loc":{"start":{"line":86,"column":20},"end":{"line":86,"column":77}},"type":"cond-expr","locations":[{"start":{"line":86,"column":65},"end":{"line":86,"column":70}},{"start":{"line":86,"column":73},"end":{"line":86,"column":77}}],"line":86},"34":{"loc":{"start":{"line":89,"column":20},"end":{"line":89,"column":46}},"type":"cond-expr","locations":[{"start":{"line":89,"column":34},"end":{"line":89,"column":39}},{"start":{"line":89,"column":42},"end":{"line":89,"column":46}}],"line":89},"35":{"loc":{"start":{"line":90,"column":16},"end":{"line":93,"column":68}},"type":"cond-expr","locations":[{"start":{"line":91,"column":20},"end":{"line":93,"column":61}},{"start":{"line":93,"column":64},"end":{"line":93,"column":68}}],"line":90},"36":{"loc":{"start":{"line":96,"column":12},"end":{"line":96,"column":105}},"type":"cond-expr","locations":[{"start":{"line":96,"column":30},"end":{"line":96,"column":98}},{"start":{"line":96,"column":101},"end":{"line":96,"column":105}}],"line":96}},"s":{"0":1,"1":1,"2":0,"3":0,"4":0,"5":0,"6":1,"7":1,"8":1,"9":1,"10":1,"11":1,"12":0,"13":0,"14":0,"15":0,"16":0,"17":0,"18":1,"19":1,"20":1,"21":1,"22":1,"23":0,"24":0,"25":0,"26":1,"27":0,"28":3,"29":1,"30":1,"31":0,"32":1,"33":2,"34":2,"35":0,"36":2,"37":0,"38":2,"39":1,"40":1,"41":1,"42":1,"43":0,"44":0,"45":0,"46":0,"47":0,"48":0,"49":0,"50":0,"51":0,"52":0,"53":0,"54":0,"55":0,"56":0,"57":0,"58":0,"59":0,"60":0,"61":0,"62":0,"63":0,"64":0,"65":0,"66":0,"67":0,"68":1,"69":0,"70":0,"71":2,"72":0,"73":0,"74":0,"75":1,"76":1,"77":1,"78":1,"79":1,"80":1,"81":1,"82":1,"83":1,"84":1,"85":1,"86":1,"87":1,"88":1,"89":1,"90":1,"91":0,"92":0,"93":0,"94":1,"95":1,"96":1,"97":1},"f":{"0":1,"1":0,"2":0,"3":1,"4":1,"5":1,"6":1,"7":0,"8":0,"9":1,"10":1,"11":1,"12":0,"13":0,"14":3,"15":1,"16":1,"17":1,"18":1,"19":1,"20":1,"21":1,"22":1},"b":{"0":[1,1,1],"1":[1,0,0,0],"2":[0,0],"3":[0,1],"4":[1,1,1],"5":[1,1],"6":[0,1],"7":[1,1],"8":[1,1,1],"9":[0,0],"10":[1,1],"11":[0,1],"12":[0,2],"13":[2,0,0],"14":[0,0],"15":[0,0],"16":[0,2],"17":[1,1,1,0,0,0],"18":[0,0],"19":[0,0,0],"20":[0,0],"21":[0,0],"22":[0,0,0,0],"23":[0,0],"24":[0,0],"25":[0,0],"26":[0,0],"27":[0,0],"28":[0,0],"29":[0,0],"30":[1,1],"31":[1,0],"32":[0,1],"33":[0,0],"34":[0,0],"35":[0,0],"36":[0,1]},"inputSourceMap":{"version":3,"file":"App.js","sourceRoot":"","sources":["App.tsx"],"names":[],"mappings":";;;;;;;;;;;;;;;;;;;;;;;;;;;;;;;;;;;;;;;;;;;;;;;AAAA,6BAA+B;AAE/B,0CAAqC;AAErC,IAAM,SAAS,GAAG,OAAO,CAAC,WAAW,CAAC,CAAC;AACvC,IAAM,IAAI,GAAG,OAAO,CAAC,YAAY,CAAC,CAAC;AAEnC,sDAAiD;AAMjD;IAAkB,uBAA8B;IAC9C,aAAY,KAAK;QAAjB,YACE,kBAAM,KAAK,CAAC,SAIb;QAHC,KAAI,CAAC,KAAK,GAAG;YACX,IAAI,EAAE,IAAI;SACX,CAAC;;IACJ,CAAC;IAEY,gCAAkB,GAA/B;;;;;4BACe,qBAAM,iBAAO,EAAE,EAAA;;wBAAtB,IAAI,GAAG,SAAe;wBAC5B,IAAI,CAAC,QAAQ,CAAC;4BACZ,IAAI,MAAA;yBACL,CAAC,CAAC;;;;;KACJ;IAEM,oBAAM,GAAb;QACE,MAAM,CAAC,CACL,6BAAK,SAAS,EAAE,SAAS,CAAC,GAAG;YAC3B,6BAAK,SAAS,EAAE,SAAS,CAAC,SAAS;gBACjC,6BAAK,GAAG,EAAE,IAAI,EAAE,SAAS,EAAE,SAAS,CAAC,OAAO,EAAE,GAAG,EAAC,MAAM,GAAG;gBAC3D,+DAAqC,CACjC;YACN,6BAAK,SAAS,EAAE,SAAS,CAAC,QAAQ,IAC/B,IAAI,CAAC,KAAK,CAAC,IAAI,CAAC,CAAC,CAAC,CACjB;gBACE;;oBAC0B,IAAI,CAAC,KAAK,CAAC,IAAI,CAAC,eAAuB,CAAC,UAAU,CAAC,CAAC,CAAC,KAAK,CAAC,CAAC,CAAC,IAAI,CACvF;gBACJ;;oBACsB,MAAc,CAAC,IAAI,CAAC,CAAC,CAAC,KAAK,CAAC,CAAC,CAAC,IAAI,CACpD;gBACF,IAAI,CAAC,KAAK,CAAC,IAAI,CAAC,eAAuB,CAAC,IAAI,CAAC,CAAC;oBAC9C;;wBAAiB,IAAI,CAAC,KAAK,CAAC,IAAI,CAAC,eAAuB,CAAC,IAAI,CAAK,CAAC,CAAC,CAAC,IAAI,CACvE,CACP,CAAC,CAAC;gBACD,iDAAsB,CACpB;YACN,+BAAM;YACL,IAAI,CAAC,KAAK,CAAC,IAAI,CAAC,CAAC,CAAC,oBAAC,oBAAU,IAAC,IAAI,EAAE,IAAI,CAAC,KAAK,CAAC,IAAI,GAAI,CAAC,CAAC,CAAC,IAAI,CAC3D,CACP,CAAC;IACJ,CAAC;IACH,UAAC;AAAD,CAAC,AA1CD,CAAkB,KAAK,CAAC,SAAS,GA0ChC;AAED,kBAAe,GAAG,CAAC","sourcesContent":["import * as React from \"react\";\nimport * as Web3 from \"web3\";\nimport getWeb3 from \"./util/getWeb3\";\n\nconst appStyles = require(\"./App.css\");\nconst logo = require(\"./logo.svg\");\n\nimport MetaWallet from \"./components/MetaWallet\";\n\ninterface IAppState {\n  web3: Web3;\n}\n\nclass App extends React.Component<{}, IAppState> {\n  constructor(props) {\n    super(props);\n    this.state = {\n      web3: null,\n    };\n  }\n\n  public async componentWillMount() {\n    const web3 = await getWeb3();\n    this.setState({\n      web3,\n    });\n  }\n\n  public render() {\n    return (\n      <div className={appStyles.app}>\n        <div className={appStyles.appHeader}>\n          <img src={logo} className={appStyles.appLogo} alt=\"logo\" />\n          <h2>React Ethereum DApp Template</h2>\n        </div>\n        <div className={appStyles.appIntro}>\n          {this.state.web3 ? (\n            <div>\n              <p>\n                Provider is MetaMask: {(this.state.web3.currentProvider as any).isMetaMask ? \"yes\" : \"no\"}\n              </p>\n              <p>\n                Provider is Mist: {(window as any).mist ? \"yes\" : \"no\"}\n              </p>\n              {(this.state.web3.currentProvider as any).host ?\n                <p>Provider is {(this.state.web3.currentProvider as any).host}</p> : null}\n            </div>\n          ) :\n            <p>Web3 is loading</p>}\n        </div>\n        <hr />\n        {this.state.web3 ? <MetaWallet web3={this.state.web3} /> : null}\n      </div>\n    );\n  }\n}\n\nexport default App;\n"]},"_coverageSchema":"332fd63041d2c1bcb487cc26dd0d5f7d97098a6c","hash":"2397c5d7f267d437589799507db6a5c042e7a46f"}
,"C:\\Users\\kiljo\\source\\repos\\truffle_practice\\chapter1_react_typescript\\src\\index.tsx": {"path":"C:\\Users\\kiljo\\source\\repos\\truffle_practice\\chapter1_react_typescript\\src\\index.tsx","statementMap":{"0":{"start":{"line":1,"column":13},"end":{"line":1,"column":42}},"1":{"start":{"line":1,"column":42},"end":{"line":1,"column":55}},"2":{"start":{"line":2,"column":0},"end":{"line":2,"column":62}},"3":{"start":{"line":3,"column":12},"end":{"line":3,"column":28}},"4":{"start":{"line":4,"column":15},"end":{"line":4,"column":35}},"5":{"start":{"line":5,"column":12},"end":{"line":5,"column":28}},"6":{"start":{"line":6,"column":0},"end":{"line":6,"column":23}},"7":{"start":{"line":7,"column":0},"end":{"line":7,"column":91}}},"fnMap":{},"branchMap":{},"s":{"0":0,"1":0,"2":0,"3":0,"4":0,"5":0,"6":0,"7":0},"f":{},"b":{}}
,"C:\\Users\\kiljo\\source\\repos\\truffle_practice\\chapter1_react_typescript\\src\\components\\MetaWallet.tsx": {"path":"C:\\Users\\kiljo\\source\\repos\\truffle_practice\\chapter1_react_typescript\\src\\components\\MetaWallet.tsx","statementMap":{"0":{"start":{"line":2,"column":16},"end":{"line":11,"column":4}},"1":{"start":{"line":3,"column":24},"end":{"line":5,"column":82}},"2":{"start":{"line":4,"column":65},"end":{"line":4,"column":81}},"3":{"start":{"line":5,"column":26},"end":{"line":5,"column":80}},"4":{"start":{"line":5,"column":43},"end":{"line":5,"column":80}},"5":{"start":{"line":5,"column":68},"end":{"line":5,"column":80}},"6":{"start":{"line":6,"column":4},"end":{"line":10,"column":6}},"7":{"start":{"line":7,"column":8},"end":{"line":7,"column":28}},"8":{"start":{"line":8,"column":24},"end":{"line":8,"column":45}},"9":{"start":{"line":9,"column":8},"end":{"line":9,"column":93}},"10":{"start":{"line":12,"column":16},"end":{"line":19,"column":1}},"11":{"start":{"line":13,"column":4},"end":{"line":18,"column":7}},"12":{"start":{"line":14,"column":36},"end":{"line":14,"column":97}},"13":{"start":{"line":14,"column":42},"end":{"line":14,"column":70}},"14":{"start":{"line":14,"column":85},"end":{"line":14,"column":95}},"15":{"start":{"line":15,"column":35},"end":{"line":15,"column":100}},"16":{"start":{"line":15,"column":41},"end":{"line":15,"column":73}},"17":{"start":{"line":15,"column":88},"end":{"line":15,"column":98}},"18":{"start":{"line":16,"column":32},"end":{"line":16,"column":149}},"19":{"start":{"line":16,"column":97},"end":{"line":16,"column":119}},"20":{"start":{"line":17,"column":8},"end":{"line":17,"column":78}},"21":{"start":{"line":20,"column":18},"end":{"line":46,"column":1}},"22":{"start":{"line":21,"column":12},"end":{"line":21,"column":104}},"23":{"start":{"line":21,"column":43},"end":{"line":21,"column":68}},"24":{"start":{"line":21,"column":57},"end":{"line":21,"column":68}},"25":{"start":{"line":21,"column":69},"end":{"line":21,"column":81}},"26":{"start":{"line":22,"column":4},"end":{"line":22,"column":157}},"27":{"start":{"line":22,"column":138},"end":{"line":22,"column":150}},"28":{"start":{"line":23,"column":23},"end":{"line":23,"column":68}},"29":{"start":{"line":23,"column":45},"end":{"line":23,"column":65}},"30":{"start":{"line":25,"column":8},"end":{"line":25,"column":70}},"31":{"start":{"line":25,"column":15},"end":{"line":25,"column":70}},"32":{"start":{"line":26,"column":8},"end":{"line":43,"column":66}},"33":{"start":{"line":26,"column":18},"end":{"line":43,"column":66}},"34":{"start":{"line":27,"column":12},"end":{"line":27,"column":127}},"35":{"start":{"line":27,"column":118},"end":{"line":27,"column":127}},"36":{"start":{"line":28,"column":12},"end":{"line":28,"column":44}},"37":{"start":{"line":28,"column":26},"end":{"line":28,"column":44}},"38":{"start":{"line":29,"column":12},"end":{"line":41,"column":13}},"39":{"start":{"line":30,"column":32},"end":{"line":30,"column":39}},"40":{"start":{"line":30,"column":40},"end":{"line":30,"column":46}},"41":{"start":{"line":31,"column":24},"end":{"line":31,"column":34}},"42":{"start":{"line":31,"column":35},"end":{"line":31,"column":72}},"43":{"start":{"line":32,"column":24},"end":{"line":32,"column":34}},"44":{"start":{"line":32,"column":35},"end":{"line":32,"column":45}},"45":{"start":{"line":32,"column":46},"end":{"line":32,"column":55}},"46":{"start":{"line":32,"column":56},"end":{"line":32,"column":65}},"47":{"start":{"line":33,"column":24},"end":{"line":33,"column":41}},"48":{"start":{"line":33,"column":42},"end":{"line":33,"column":55}},"49":{"start":{"line":33,"column":56},"end":{"line":33,"column":65}},"50":{"start":{"line":35,"column":20},"end":{"line":35,"column":128}},"51":{"start":{"line":35,"column":110},"end":{"line":35,"column":116}},"52":{"start":{"line":35,"column":117},"end":{"line":35,"column":126}},"53":{"start":{"line":36,"column":20},"end":{"line":36,"column":106}},"54":{"start":{"line":36,"column":81},"end":{"line":36,"column":97}},"55":{"start":{"line":36,"column":98},"end":{"line":36,"column":104}},"56":{"start":{"line":37,"column":20},"end":{"line":37,"column":89}},"57":{"start":{"line":37,"column":57},"end":{"line":37,"column":72}},"58":{"start":{"line":37,"column":73},"end":{"line":37,"column":80}},"59":{"start":{"line":37,"column":81},"end":{"line":37,"column":87}},"60":{"start":{"line":38,"column":20},"end":{"line":38,"column":87}},"61":{"start":{"line":38,"column":47},"end":{"line":38,"column":62}},"62":{"start":{"line":38,"column":63},"end":{"line":38,"column":78}},"63":{"start":{"line":38,"column":79},"end":{"line":38,"column":85}},"64":{"start":{"line":39,"column":20},"end":{"line":39,"column":42}},"65":{"start":{"line":39,"column":30},"end":{"line":39,"column":42}},"66":{"start":{"line":40,"column":20},"end":{"line":40,"column":33}},"67":{"start":{"line":40,"column":34},"end":{"line":40,"column":43}},"68":{"start":{"line":42,"column":12},"end":{"line":42,"column":39}},"69":{"start":{"line":43,"column":22},"end":{"line":43,"column":34}},"70":{"start":{"line":43,"column":35},"end":{"line":43,"column":41}},"71":{"start":{"line":43,"column":54},"end":{"line":43,"column":64}},"72":{"start":{"line":44,"column":8},"end":{"line":44,"column":35}},"73":{"start":{"line":44,"column":23},"end":{"line":44,"column":35}},"74":{"start":{"line":44,"column":36},"end":{"line":44,"column":89}},"75":{"start":{"line":47,"column":0},"end":{"line":47,"column":62}},"76":{"start":{"line":48,"column":12},"end":{"line":48,"column":28}},"77":{"start":{"line":49,"column":22},"end":{"line":49,"column":49}},"78":{"start":{"line":50,"column":23},"end":{"line":50,"column":86}},"79":{"start":{"line":51,"column":32},"end":{"line":116,"column":18}},"80":{"start":{"line":52,"column":4},"end":{"line":52,"column":34}},"81":{"start":{"line":54,"column":20},"end":{"line":54,"column":52}},"82":{"start":{"line":55,"column":8},"end":{"line":60,"column":10}},"83":{"start":{"line":61,"column":8},"end":{"line":61,"column":21}},"84":{"start":{"line":63,"column":4},"end":{"line":101,"column":6}},"85":{"start":{"line":64,"column":8},"end":{"line":100,"column":11}},"86":{"start":{"line":66,"column":12},"end":{"line":99,"column":15}},"87":{"start":{"line":67,"column":16},"end":{"line":98,"column":17}},"88":{"start":{"line":69,"column":24},"end":{"line":75,"column":25}},"89":{"start":{"line":70,"column":28},"end":{"line":73,"column":31}},"90":{"start":{"line":74,"column":28},"end":{"line":74,"column":50}},"91":{"start":{"line":76,"column":24},"end":{"line":76,"column":86}},"92":{"start":{"line":77,"column":24},"end":{"line":77,"column":37}},"93":{"start":{"line":79,"column":24},"end":{"line":79,"column":50}},"94":{"start":{"line":80,"column":24},"end":{"line":80,"column":74}},"95":{"start":{"line":82,"column":24},"end":{"line":82,"column":45}},"96":{"start":{"line":83,"column":24},"end":{"line":83,"column":48}},"97":{"start":{"line":85,"column":24},"end":{"line":85,"column":42}},"98":{"start":{"line":86,"column":24},"end":{"line":86,"column":37}},"99":{"start":{"line":87,"column":24},"end":{"line":87,"column":46}},"100":{"start":{"line":88,"column":28},"end":{"line":88,"column":103}},"101":{"start":{"line":90,"column":24},"end":{"line":90,"column":44}},"102":{"start":{"line":91,"column":24},"end":{"line":96,"column":27}},"103":{"start":{"line":97,"column":24},"end":{"line":97,"column":46}},"104":{"start":{"line":102,"column":4},"end":{"line":114,"column":6}},"105":{"start":{"line":103,"column":8},"end":{"line":113,"column":38}},"106":{"start":{"line":115,"column":4},"end":{"line":115,"column":22}},"107":{"start":{"line":117,"column":0},"end":{"line":117,"column":29}}},"fnMap":{"0":{"name":"(anonymous_0)","decl":{"start":{"line":2,"column":45},"end":{"line":2,"column":46}},"loc":{"start":{"line":2,"column":57},"end":{"line":11,"column":1}},"line":2},"1":{"name":"(anonymous_1)","decl":{"start":{"line":4,"column":47},"end":{"line":4,"column":48}},"loc":{"start":{"line":4,"column":63},"end":{"line":4,"column":83}},"line":4},"2":{"name":"(anonymous_2)","decl":{"start":{"line":5,"column":8},"end":{"line":5,"column":9}},"loc":{"start":{"line":5,"column":24},"end":{"line":5,"column":82}},"line":5},"3":{"name":"(anonymous_3)","decl":{"start":{"line":6,"column":11},"end":{"line":6,"column":12}},"loc":{"start":{"line":6,"column":27},"end":{"line":10,"column":5}},"line":6},"4":{"name":"__","decl":{"start":{"line":8,"column":17},"end":{"line":8,"column":19}},"loc":{"start":{"line":8,"column":22},"end":{"line":8,"column":47}},"line":8},"5":{"name":"(anonymous_5)","decl":{"start":{"line":12,"column":44},"end":{"line":12,"column":45}},"loc":{"start":{"line":12,"column":89},"end":{"line":19,"column":1}},"line":12},"6":{"name":"(anonymous_6)","decl":{"start":{"line":13,"column":36},"end":{"line":13,"column":37}},"loc":{"start":{"line":13,"column":63},"end":{"line":18,"column":5}},"line":13},"7":{"name":"fulfilled","decl":{"start":{"line":14,"column":17},"end":{"line":14,"column":26}},"loc":{"start":{"line":14,"column":34},"end":{"line":14,"column":99}},"line":14},"8":{"name":"rejected","decl":{"start":{"line":15,"column":17},"end":{"line":15,"column":25}},"loc":{"start":{"line":15,"column":33},"end":{"line":15,"column":102}},"line":15},"9":{"name":"step","decl":{"start":{"line":16,"column":17},"end":{"line":16,"column":21}},"loc":{"start":{"line":16,"column":30},"end":{"line":16,"column":151}},"line":16},"10":{"name":"(anonymous_10)","decl":{"start":{"line":16,"column":76},"end":{"line":16,"column":77}},"loc":{"start":{"line":16,"column":95},"end":{"line":16,"column":121}},"line":16},"11":{"name":"(anonymous_11)","decl":{"start":{"line":20,"column":48},"end":{"line":20,"column":49}},"loc":{"start":{"line":20,"column":73},"end":{"line":46,"column":1}},"line":20},"12":{"name":"(anonymous_12)","decl":{"start":{"line":21,"column":30},"end":{"line":21,"column":31}},"loc":{"start":{"line":21,"column":41},"end":{"line":21,"column":83}},"line":21},"13":{"name":"(anonymous_13)","decl":{"start":{"line":22,"column":125},"end":{"line":22,"column":126}},"loc":{"start":{"line":22,"column":136},"end":{"line":22,"column":152}},"line":22},"14":{"name":"verb","decl":{"start":{"line":23,"column":13},"end":{"line":23,"column":17}},"loc":{"start":{"line":23,"column":21},"end":{"line":23,"column":70}},"line":23},"15":{"name":"(anonymous_15)","decl":{"start":{"line":23,"column":30},"end":{"line":23,"column":31}},"loc":{"start":{"line":23,"column":43},"end":{"line":23,"column":67}},"line":23},"16":{"name":"step","decl":{"start":{"line":24,"column":13},"end":{"line":24,"column":17}},"loc":{"start":{"line":24,"column":22},"end":{"line":45,"column":5}},"line":24},"17":{"name":"(anonymous_17)","decl":{"start":{"line":51,"column":32},"end":{"line":51,"column":33}},"loc":{"start":{"line":51,"column":50},"end":{"line":116,"column":1}},"line":51},"18":{"name":"MetaWallet","decl":{"start":{"line":53,"column":13},"end":{"line":53,"column":23}},"loc":{"start":{"line":53,"column":31},"end":{"line":62,"column":5}},"line":53},"19":{"name":"(anonymous_19)","decl":{"start":{"line":63,"column":46},"end":{"line":63,"column":47}},"loc":{"start":{"line":63,"column":58},"end":{"line":101,"column":5}},"line":63},"20":{"name":"(anonymous_20)","decl":{"start":{"line":64,"column":47},"end":{"line":64,"column":48}},"loc":{"start":{"line":64,"column":59},"end":{"line":100,"column":9}},"line":64},"21":{"name":"(anonymous_21)","decl":{"start":{"line":66,"column":37},"end":{"line":66,"column":38}},"loc":{"start":{"line":66,"column":51},"end":{"line":99,"column":13}},"line":66},"22":{"name":"(anonymous_22)","decl":{"start":{"line":102,"column":34},"end":{"line":102,"column":35}},"loc":{"start":{"line":102,"column":46},"end":{"line":114,"column":5}},"line":102}},"branchMap":{"0":{"loc":{"start":{"line":2,"column":16},"end":{"line":11,"column":4}},"type":"binary-expr","locations":[{"start":{"line":2,"column":17},"end":{"line":2,"column":21}},{"start":{"line":2,"column":25},"end":{"line":2,"column":39}},{"start":{"line":2,"column":44},"end":{"line":11,"column":4}}],"line":2},"1":{"loc":{"start":{"line":3,"column":24},"end":{"line":5,"column":82}},"type":"binary-expr","locations":[{"start":{"line":3,"column":24},"end":{"line":3,"column":45}},{"start":{"line":4,"column":9},"end":{"line":4,"column":43}},{"start":{"line":4,"column":47},"end":{"line":4,"column":83}},{"start":{"line":5,"column":8},"end":{"line":5,"column":82}}],"line":3},"2":{"loc":{"start":{"line":5,"column":43},"end":{"line":5,"column":80}},"type":"if","locations":[{"start":{"line":5,"column":43},"end":{"line":5,"column":80}},{"start":{"line":5,"column":43},"end":{"line":5,"column":80}}],"line":5},"3":{"loc":{"start":{"line":9,"column":22},"end":{"line":9,"column":92}},"type":"cond-expr","locations":[{"start":{"line":9,"column":35},"end":{"line":9,"column":51}},{"start":{"line":9,"column":55},"end":{"line":9,"column":91}}],"line":9},"4":{"loc":{"start":{"line":12,"column":16},"end":{"line":19,"column":1}},"type":"binary-expr","locations":[{"start":{"line":12,"column":17},"end":{"line":12,"column":21}},{"start":{"line":12,"column":25},"end":{"line":12,"column":39}},{"start":{"line":12,"column":44},"end":{"line":19,"column":1}}],"line":12},"5":{"loc":{"start":{"line":13,"column":16},"end":{"line":13,"column":34}},"type":"binary-expr","locations":[{"start":{"line":13,"column":16},"end":{"line":13,"column":17}},{"start":{"line":13,"column":22},"end":{"line":13,"column":33}}],"line":13},"6":{"loc":{"start":{"line":16,"column":32},"end":{"line":16,"column":148}},"type":"cond-expr","locations":[{"start":{"line":16,"column":46},"end":{"line":16,"column":67}},{"start":{"line":16,"column":70},"end":{"line":16,"column":148}}],"line":16},"7":{"loc":{"start":{"line":17,"column":51},"end":{"line":17,"column":67}},"type":"binary-expr","locations":[{"start":{"line":17,"column":51},"end":{"line":17,"column":61}},{"start":{"line":17,"column":65},"end":{"line":17,"column":67}}],"line":17},"8":{"loc":{"start":{"line":20,"column":18},"end":{"line":46,"column":1}},"type":"binary-expr","locations":[{"start":{"line":20,"column":19},"end":{"line":20,"column":23}},{"start":{"line":20,"column":27},"end":{"line":20,"column":43}},{"start":{"line":20,"column":48},"end":{"line":46,"column":1}}],"line":20},"9":{"loc":{"start":{"line":21,"column":43},"end":{"line":21,"column":68}},"type":"if","locations":[{"start":{"line":21,"column":43},"end":{"line":21,"column":68}},{"start":{"line":21,"column":43},"end":{"line":21,"column":68}}],"line":21},"10":{"loc":{"start":{"line":22,"column":71},"end":{"line":22,"column":153}},"type":"binary-expr","locations":[{"start":{"line":22,"column":71},"end":{"line":22,"column":99}},{"start":{"line":22,"column":104},"end":{"line":22,"column":152}}],"line":22},"11":{"loc":{"start":{"line":25,"column":8},"end":{"line":25,"column":70}},"type":"if","locations":[{"start":{"line":25,"column":8},"end":{"line":25,"column":70}},{"start":{"line":25,"column":8},"end":{"line":25,"column":70}}],"line":25},"12":{"loc":{"start":{"line":27,"column":12},"end":{"line":27,"column":127}},"type":"if","locations":[{"start":{"line":27,"column":12},"end":{"line":27,"column":127}},{"start":{"line":27,"column":12},"end":{"line":27,"column":127}}],"line":27},"13":{"loc":{"start":{"line":27,"column":23},"end":{"line":27,"column":116}},"type":"binary-expr","locations":[{"start":{"line":27,"column":23},"end":{"line":27,"column":24}},{"start":{"line":27,"column":29},"end":{"line":27,"column":83}},{"start":{"line":27,"column":88},"end":{"line":27,"column":116}}],"line":27},"14":{"loc":{"start":{"line":27,"column":35},"end":{"line":27,"column":82}},"type":"cond-expr","locations":[{"start":{"line":27,"column":47},"end":{"line":27,"column":55}},{"start":{"line":27,"column":58},"end":{"line":27,"column":82}}],"line":27},"15":{"loc":{"start":{"line":27,"column":58},"end":{"line":27,"column":82}},"type":"cond-expr","locations":[{"start":{"line":27,"column":66},"end":{"line":27,"column":73}},{"start":{"line":27,"column":76},"end":{"line":27,"column":82}}],"line":27},"16":{"loc":{"start":{"line":28,"column":12},"end":{"line":28,"column":44}},"type":"if","locations":[{"start":{"line":28,"column":12},"end":{"line":28,"column":44}},{"start":{"line":28,"column":12},"end":{"line":28,"column":44}}],"line":28},"17":{"loc":{"start":{"line":29,"column":12},"end":{"line":41,"column":13}},"type":"switch","locations":[{"start":{"line":30,"column":16},"end":{"line":30,"column":23}},{"start":{"line":30,"column":24},"end":{"line":30,"column":46}},{"start":{"line":31,"column":16},"end":{"line":31,"column":72}},{"start":{"line":32,"column":16},"end":{"line":32,"column":65}},{"start":{"line":33,"column":16},"end":{"line":33,"column":65}},{"start":{"line":34,"column":16},"end":{"line":40,"column":43}}],"line":29},"18":{"loc":{"start":{"line":35,"column":20},"end":{"line":35,"column":128}},"type":"if","locations":[{"start":{"line":35,"column":20},"end":{"line":35,"column":128}},{"start":{"line":35,"column":20},"end":{"line":35,"column":128}}],"line":35},"19":{"loc":{"start":{"line":35,"column":24},"end":{"line":35,"column":106}},"type":"binary-expr","locations":[{"start":{"line":35,"column":24},"end":{"line":35,"column":74}},{"start":{"line":35,"column":79},"end":{"line":35,"column":90}},{"start":{"line":35,"column":94},"end":{"line":35,"column":105}}],"line":35},"20":{"loc":{"start":{"line":35,"column":42},"end":{"line":35,"column":73}},"type":"binary-expr","locations":[{"start":{"line":35,"column":42},"end":{"line":35,"column":54}},{"start":{"line":35,"column":58},"end":{"line":35,"column":73}}],"line":35},"21":{"loc":{"start":{"line":36,"column":20},"end":{"line":36,"column":106}},"type":"if","locations":[{"start":{"line":36,"column":20},"end":{"line":36,"column":106}},{"start":{"line":36,"column":20},"end":{"line":36,"column":106}}],"line":36},"22":{"loc":{"start":{"line":36,"column":24},"end":{"line":36,"column":77}},"type":"binary-expr","locations":[{"start":{"line":36,"column":24},"end":{"line":36,"column":35}},{"start":{"line":36,"column":40},"end":{"line":36,"column":42}},{"start":{"line":36,"column":47},"end":{"line":36,"column":59}},{"start":{"line":36,"column":63},"end":{"line":36,"column":75}}],"line":36},"23":{"loc":{"start":{"line":37,"column":20},"end":{"line":37,"column":89}},"type":"if","locations":[{"start":{"line":37,"column":20},"end":{"line":37,"column":89}},{"start":{"line":37,"column":20},"end":{"line":37,"column":89}}],"line":37},"24":{"loc":{"start":{"line":37,"column":24},"end":{"line":37,"column":53}},"type":"binary-expr","locations":[{"start":{"line":37,"column":24},"end":{"line":37,"column":35}},{"start":{"line":37,"column":39},"end":{"line":37,"column":53}}],"line":37},"25":{"loc":{"start":{"line":38,"column":20},"end":{"line":38,"column":87}},"type":"if","locations":[{"start":{"line":38,"column":20},"end":{"line":38,"column":87}},{"start":{"line":38,"column":20},"end":{"line":38,"column":87}}],"line":38},"26":{"loc":{"start":{"line":38,"column":24},"end":{"line":38,"column":43}},"type":"binary-expr","locations":[{"start":{"line":38,"column":24},"end":{"line":38,"column":25}},{"start":{"line":38,"column":29},"end":{"line":38,"column":43}}],"line":38},"27":{"loc":{"start":{"line":39,"column":20},"end":{"line":39,"column":42}},"type":"if","locations":[{"start":{"line":39,"column":20},"end":{"line":39,"column":42}},{"start":{"line":39,"column":20},"end":{"line":39,"column":42}}],"line":39},"28":{"loc":{"start":{"line":44,"column":8},"end":{"line":44,"column":35}},"type":"if","locations":[{"start":{"line":44,"column":8},"end":{"line":44,"column":35}},{"start":{"line":44,"column":8},"end":{"line":44,"column":35}}],"line":44},"29":{"loc":{"start":{"line":44,"column":52},"end":{"line":44,"column":74}},"type":"cond-expr","locations":[{"start":{"line":44,"column":60},"end":{"line":44,"column":65}},{"start":{"line":44,"column":68},"end":{"line":44,"column":74}}],"line":44},"30":{"loc":{"start":{"line":54,"column":20},"end":{"line":54,"column":52}},"type":"binary-expr","locations":[{"start":{"line":54,"column":20},"end":{"line":54,"column":44}},{"start":{"line":54,"column":48},"end":{"line":54,"column":52}}],"line":54},"31":{"loc":{"start":{"line":67,"column":16},"end":{"line":98,"column":17}},"type":"switch","locations":[{"start":{"line":68,"column":20},"end":{"line":77,"column":37}},{"start":{"line":78,"column":20},"end":{"line":80,"column":74}},{"start":{"line":81,"column":20},"end":{"line":83,"column":48}},{"start":{"line":84,"column":20},"end":{"line":87,"column":46}},{"start":{"line":88,"column":20},"end":{"line":88,"column":103}},{"start":{"line":89,"column":20},"end":{"line":97,"column":46}}],"line":67},"32":{"loc":{"start":{"line":69,"column":24},"end":{"line":75,"column":25}},"type":"if","locations":[{"start":{"line":69,"column":24},"end":{"line":75,"column":25}},{"start":{"line":69,"column":24},"end":{"line":75,"column":25}}],"line":69},"33":{"loc":{"start":{"line":110,"column":16},"end":{"line":110,"column":82}},"type":"cond-expr","locations":[{"start":{"line":110,"column":42},"end":{"line":110,"column":61}},{"start":{"line":110,"column":64},"end":{"line":110,"column":82}}],"line":110}},"s":{"0":1,"1":1,"2":0,"3":0,"4":0,"5":0,"6":1,"7":1,"8":1,"9":1,"10":1,"11":0,"12":0,"13":0,"14":0,"15":0,"16":0,"17":0,"18":0,"19":0,"20":0,"21":1,"22":0,"23":0,"24":0,"25":0,"26":0,"27":0,"28":0,"29":0,"30":0,"31":0,"32":0,"33":0,"34":0,"35":0,"36":0,"37":0,"38":0,"39":0,"40":0,"41":0,"42":0,"43":0,"44":0,"45":0,"46":0,"47":0,"48":0,"49":0,"50":0,"51":0,"52":0,"53":0,"54":0,"55":0,"56":0,"57":0,"58":0,"59":0,"60":0,"61":0,"62":0,"63":0,"64":0,"65":0,"66":0,"67":0,"68":0,"69":0,"70":0,"71":0,"72":0,"73":0,"74":0,"75":1,"76":1,"77":1,"78":1,"79":1,"80":1,"81":0,"82":0,"83":0,"84":1,"85":0,"86":0,"87":0,"88":0,"89":0,"90":0,"91":0,"92":0,"93":0,"94":0,"95":0,"96":0,"97":0,"98":0,"99":0,"100":0,"101":0,"102":0,"103":0,"104":1,"105":0,"106":1,"107":1},"f":{"0":1,"1":0,"2":0,"3":1,"4":1,"5":0,"6":0,"7":0,"8":0,"9":0,"10":0,"11":0,"12":0,"13":0,"14":0,"15":0,"16":0,"17":1,"18":0,"19":0,"20":0,"21":0,"22":0},"b":{"0":[1,1,1],"1":[1,0,0,0],"2":[0,0],"3":[0,1],"4":[1,1,1],"5":[0,0],"6":[0,0],"7":[0,0],"8":[1,1,1],"9":[0,0],"10":[0,0],"11":[0,0],"12":[0,0],"13":[0,0,0],"14":[0,0],"15":[0,0],"16":[0,0],"17":[0,0,0,0,0,0],"18":[0,0],"19":[0,0,0],"20":[0,0],"21":[0,0],"22":[0,0,0,0],"23":[0,0],"24":[0,0],"25":[0,0],"26":[0,0],"27":[0,0],"28":[0,0],"29":[0,0],"30":[0,0],"31":[0,0,0,0,0,0],"32":[0,0],"33":[0,0]},"inputSourceMap":{"version":3,"file":"MetaWallet.js","sourceRoot":"","sources":["MetaWallet.tsx"],"names":[],"mappings":";;;;;;;;;;;;;;;;;;;;;;;;;;;;;;;;;;;;;;;;;;;;;;;AAAA,6BAA+B;AAC/B,kDAAoD;AAGpD,IAAM,gBAAgB,GAAG,eAAe,CAAC,OAAO,CAAC,qCAAqC,CAAC,CAAC,CAAC;AAczF;IAAwC,8BAAmD;IACzF,oBAAY,KAAK;QAAjB,YACE,kBAAM,KAAK,CAAC,SAOb;QANC,KAAI,CAAC,KAAK,GAAG;YACX,OAAO,EAAE,EAAE;YACX,YAAY,EAAE,KAAK;YACnB,OAAO,EAAE,EAAE;YACX,eAAe,EAAE,EAAE;SACpB,CAAC;;IACJ,CAAC;IAEY,uCAAkB,GAA/B;;;;;;wBACE,EAAE,CAAC,CAAC,IAAI,CAAC,KAAK,CAAC,IAAI,CAAC,GAAG,CAAC,QAAQ,CAAC,MAAM,KAAK,CAAC,CAAC,CAAC,CAAC;4BAC9C,IAAI,CAAC,QAAQ,CAAC;gCACZ,OAAO,EAAE,EAAE;gCACX,YAAY,EAAE,IAAI;6BACnB,CAAC,CAAC;4BACH,MAAM,gBAAC;wBACT,CAAC;wBACD,gBAAgB,CAAC,WAAW,CAAC,IAAI,CAAC,KAAK,CAAC,IAAI,CAAC,eAAe,CAAC,CAAC;;;;wBAGjD,qBAAM,gBAAgB,CAAC,QAAQ,EAAE,EAAA;;wBAA5C,QAAQ,GAAG,SAAiC,CAAC;;;;wBAE7C,KAAK,CAAC,KAAG,CAAC,CAAC;wBACX,sBAAO;4BAGQ,qBAAM,QAAQ,CAAC,UAAU,CAAC,IAAI,CAAC,KAAK,CAAC,IAAI,CAAC,GAAG,CAAC,QAAQ,CAAC,CAAC,CAAC,CAAC,EAAA;;wBAArE,OAAO,GAAI,SAA0D;wBAC3E,IAAI,CAAC,QAAQ,CAAC;4BACZ,OAAO,EAAE,IAAI,CAAC,KAAK,CAAC,IAAI,CAAC,GAAG,CAAC,QAAQ,CAAC,CAAC,CAAC;4BACxC,YAAY,EAAE,KAAK;4BACnB,OAAO,EAAE,OAAO,CAAC,QAAQ,EAAE;4BAC3B,eAAe,EAAE,QAAQ,CAAC,OAAO;yBAClC,CAAC,CAAC;;;;;KACJ;IAEM,2BAAM,GAAb;QACE,MAAM,CAAC,CACP;YACE,2CAAiB;YACjB;;gBAAsB,IAAI,CAAC,KAAK,CAAC,eAAe,CAAK;YACrD;;gBAAa,IAAI,CAAC,KAAK,CAAC,YAAY,CAAC,CAAC,CAAC,mBAAmB,CAAC,CAAC,CAAC,IAAI,CAAC,KAAK,CAAC,OAAO,CAAK;YACpF;;gBAAa,IAAI,CAAC,KAAK,CAAC,OAAO,CAAK,CAChC,CACL,CAAC;IACJ,CAAC;IACH,iBAAC;AAAD,CAAC,AA/CD,CAAwC,KAAK,CAAC,SAAS,GA+CtD","sourcesContent":["import * as React from \"react\";\nimport * as TruffleContract from \"truffle-contract\";\nimport * as Web3 from \"web3\";\n\nconst MetaCoinContract = TruffleContract(require(\"../../build/contracts/MetaCoin.json\"));\nimport IMetaCoin from \"../contract-interfaces/IMetaCoin\";\n\ninterface IMetaWalletProps {\n  web3: Web3;\n}\n\ninterface IMetaWalletState {\n  account: string;\n  accountError: boolean;\n  balance: string;\n  contractAddress: string;\n}\n\nexport default class MetaWallet extends React.Component<IMetaWalletProps, IMetaWalletState> {\n  constructor(props) {\n    super(props);\n    this.state = {\n      account: \"\",\n      accountError: false,\n      balance: \"\",\n      contractAddress: \"\",\n    };\n  }\n\n  public async componentWillMount() {\n    if (this.props.web3.eth.accounts.length === 0) {\n      this.setState({\n        account: \"\",\n        accountError: true,\n      });\n      return;\n    }\n    MetaCoinContract.setProvider(this.props.web3.currentProvider);\n    let instance: IMetaCoin;\n    try {\n      instance = await MetaCoinContract.deployed();\n    } catch (err) {\n      alert(err);\n      return;\n    }\n\n    const balance  = await instance.getBalance(this.props.web3.eth.accounts[0]);\n    this.setState({\n      account: this.props.web3.eth.accounts[0],\n      accountError: false,\n      balance: balance.toString(),\n      contractAddress: instance.address,\n    });\n  }\n\n  public render() {\n    return (\n    <div>\n      <h3>MetaCoin</h3>\n      <p>Contract address: {this.state.contractAddress}</p>\n      <p>Account: {this.state.accountError ? \"No accounts found\" : this.state.account}</p>\n      <p>Balance: {this.state.balance}</p>\n    </div>\n    );\n  }\n}\n"]},"_coverageSchema":"332fd63041d2c1bcb487cc26dd0d5f7d97098a6c","hash":"1e1d8d6be4daef77cccc8b2ec9bc7d38b26caa8f"}
,"C:\\Users\\kiljo\\source\\repos\\truffle_practice\\chapter1_react_typescript\\src\\contract-interfaces\\IMetaCoin.ts": {"path":"C:\\Users\\kiljo\\source\\repos\\truffle_practice\\chapter1_react_typescript\\src\\contract-interfaces\\IMetaCoin.ts","statementMap":{"0":{"start":{"line":1,"column":13},"end":{"line":1,"column":42}},"1":{"start":{"line":1,"column":42},"end":{"line":1,"column":55}},"2":{"start":{"line":2,"column":0},"end":{"line":2,"column":62}}},"fnMap":{},"branchMap":{},"s":{"0":0,"1":0,"2":0},"f":{},"b":{}}
,"C:\\Users\\kiljo\\source\\repos\\truffle_practice\\chapter1_react_typescript\\src\\util\\getWeb3.ts": {"path":"C:\\Users\\kiljo\\source\\repos\\truffle_practice\\chapter1_react_typescript\\src\\util\\getWeb3.ts","statementMap":{"0":{"start":{"line":2,"column":0},"end":{"line":2,"column":62}},"1":{"start":{"line":3,"column":11},"end":{"line":3,"column":26}},"2":{"start":{"line":5,"column":14},"end":{"line":28,"column":1}},"3":{"start":{"line":6,"column":4},"end":{"line":26,"column":5}},"4":{"start":{"line":7,"column":8},"end":{"line":25,"column":11}},"5":{"start":{"line":9,"column":12},"end":{"line":24,"column":15}},"6":{"start":{"line":10,"column":27},"end":{"line":10,"column":38}},"7":{"start":{"line":12,"column":16},"end":{"line":21,"column":17}},"8":{"start":{"line":13,"column":20},"end":{"line":13,"column":64}},"9":{"start":{"line":14,"column":20},"end":{"line":14,"column":58}},"10":{"start":{"line":18,"column":20},"end":{"line":18,"column":80}},"11":{"start":{"line":19,"column":35},"end":{"line":19,"column":91}},"12":{"start":{"line":20,"column":20},"end":{"line":20,"column":46}},"13":{"start":{"line":22,"column":16},"end":{"line":22,"column":35}},"14":{"start":{"line":23,"column":16},"end":{"line":23,"column":30}},"15":{"start":{"line":27,"column":4},"end":{"line":27,"column":13}},"16":{"start":{"line":29,"column":0},"end":{"line":29,"column":26}}},"fnMap":{"0":{"name":"(anonymous_0)","decl":{"start":{"line":5,"column":14},"end":{"line":5,"column":15}},"loc":{"start":{"line":5,"column":26},"end":{"line":28,"column":1}},"line":5},"1":{"name":"(anonymous_1)","decl":{"start":{"line":7,"column":24},"end":{"line":7,"column":25}},"loc":{"start":{"line":7,"column":51},"end":{"line":25,"column":9}},"line":7},"2":{"name":"(anonymous_2)","decl":{"start":{"line":9,"column":44},"end":{"line":9,"column":45}},"loc":{"start":{"line":9,"column":56},"end":{"line":24,"column":13}},"line":9}},"branchMap":{"0":{"loc":{"start":{"line":6,"column":4},"end":{"line":26,"column":5}},"type":"if","locations":[{"start":{"line":6,"column":4},"end":{"line":26,"column":5}},{"start":{"line":6,"column":4},"end":{"line":26,"column":5}}],"line":6},"1":{"loc":{"start":{"line":12,"column":16},"end":{"line":21,"column":17}},"type":"if","locations":[{"start":{"line":12,"column":16},"end":{"line":21,"column":17}},{"start":{"line":12,"column":16},"end":{"line":21,"column":17}}],"line":12}},"s":{"0":1,"1":1,"2":1,"3":1,"4":1,"5":1,"6":0,"7":0,"8":0,"9":0,"10":0,"11":0,"12":0,"13":0,"14":0,"15":1,"16":1},"f":{"0":1,"1":1,"2":0},"b":{"0":[1,0],"1":[0,0]},"inputSourceMap":{"version":3,"file":"getWeb3.js","sourceRoot":"","sources":["getWeb3.ts"],"names":[],"mappings":";;AAAA,2BAA6B;AAE7B,IAAI,CAAgB,CAAC;AAErB,IAAM,OAAO,GAAG;IACd,EAAE,CAAC,CAAC,CAAC,CAAC,CAAC,CAAC,CAAC;QACP,CAAC,GAAG,IAAI,OAAO,CAAO,UAAC,OAAO,EAAE,MAAM;YACpC,mFAAmF;YACnF,MAAM,CAAC,gBAAgB,CAAC,MAAM,EAAE;gBAC9B,IAAI,IAAI,GAAU,MAAc,CAAC,IAAY,CAAC;gBAE9C,oEAAoE;gBACpE,EAAE,CAAC,CAAC,OAAO,IAAI,KAAK,WAAW,CAAC,CAAC,CAAC;oBAChC,OAAO,CAAC,GAAG,CAAC,8BAA8B,CAAC,CAAC;oBAC5C,IAAI,GAAG,IAAI,IAAI,CAAC,IAAI,CAAC,eAAe,CAAC,CAAC;gBACxC,CAAC;gBAAC,IAAI,CAAC,CAAC;oBACN,8CAA8C;oBAC9C,OAAO,CAAC,GAAG,CAAC,8CAA8C,CAAC,CAAC;oBAC5D,IAAM,QAAQ,GAAG,IAAI,IAAI,CAAC,SAAS,CAAC,YAAY,CAAC,uBAAuB,CAAC,CAAC;oBAC1E,IAAI,GAAG,IAAI,IAAI,CAAC,QAAQ,CAAC,CAAC;gBAC5B,CAAC;gBACA,MAAc,CAAC,IAAI,GAAG,IAAI,CAAC;gBAC5B,OAAO,CAAC,IAAI,CAAC,CAAC;YAChB,CAAC,CAAC,CAAC;QACL,CAAC,CAAC,CAAC;IACL,CAAC;IACD,MAAM,CAAC,CAAC,CAAC;AACX,CAAC,CAAC;AAEF,kBAAe,OAAO,CAAC","sourcesContent":["import * as Web3 from \"web3\";\n\nlet p: Promise<Web3>;\n\nconst getWeb3 = (): Promise<Web3> => {\n  if (!p) {\n    p = new Promise<Web3>((resolve, reject) => {\n      // Wait for loading completion to avoid race conditions with web3 injection timing.\n      window.addEventListener(\"load\", () => {\n        let web3: Web3 = (window as any).web3 as Web3;\n\n        // Checking if Web3 has been injected by the browser (Mist/MetaMask)\n        if (typeof web3 !== \"undefined\") {\n          console.log(\"Using injected web3 provider\");\n          web3 = new Web3(web3.currentProvider);\n        } else {\n          // Fallback to localhost if no web3 injection.\n          console.log(\"No web3 instance injected, using Local web3.\");\n          const provider = new Web3.providers.HttpProvider(\"http://localhost:8545\");\n          web3 = new Web3(provider);\n        }\n        (window as any).web3 = web3;\n        resolve(web3);\n      });\n    });\n  }\n  return p;\n};\n\nexport default getWeb3;\n"]},"_coverageSchema":"332fd63041d2c1bcb487cc26dd0d5f7d97098a6c","hash":"22ab672cfd81e63873bb13a8b4e2c7142c50927a"}
}
