TN:
SF:C:\Users\kiljo\source\repos\truffle_practice\chapter1_react_typescript\src\App.tsx
FN:2,(anonymous_0)
FN:4,(anonymous_1)
FN:5,(anonymous_2)
FN:6,(anonymous_3)
FN:8,__
FN:12,(anonymous_5)
FN:13,(anonymous_6)
FN:14,fulfilled
FN:15,rejected
FN:16,step
FN:16,(anonymous_10)
FN:20,(anonymous_11)
FN:21,(anonymous_12)
FN:22,(anonymous_13)
FN:23,verb
FN:23,(anonymous_15)
FN:24,step
FN:53,(anonymous_17)
FN:55,App
FN:62,(anonymous_19)
FN:63,(anonymous_20)
FN:65,(anonymous_21)
FN:78,(anonymous_22)
FNF:23
FNH:17
FNDA:1,(anonymous_0)
FNDA:0,(anonymous_1)
FNDA:0,(anonymous_2)
FNDA:1,(anonymous_3)
FNDA:1,__
FNDA:1,(anonymous_5)
FNDA:1,(anonymous_6)
FNDA:0,fulfilled
FNDA:0,rejected
FNDA:1,step
FNDA:1,(anonymous_10)
FNDA:1,(anonymous_11)
FNDA:0,(anonymous_12)
FNDA:0,(anonymous_13)
FNDA:3,verb
FNDA:1,(anonymous_15)
FNDA:1,step
FNDA:1,(anonymous_17)
FNDA:1,App
FNDA:1,(anonymous_19)
FNDA:1,(anonymous_20)
FNDA:1,(anonymous_21)
FNDA:1,(anonymous_22)
DA:2,1
DA:3,1
DA:4,0
DA:5,0
DA:6,1
DA:7,1
DA:8,1
DA:9,1
DA:12,1
DA:13,1
DA:14,0
DA:15,0
DA:16,1
DA:17,1
DA:20,1
DA:21,1
DA:22,1
DA:23,3
DA:25,1
DA:26,2
DA:27,2
DA:28,2
DA:29,2
DA:30,1
DA:31,1
DA:32,0
DA:33,0
DA:35,0
DA:36,0
DA:37,0
DA:38,0
DA:39,0
DA:40,0
DA:42,1
DA:43,2
DA:44,0
DA:47,1
DA:48,1
DA:49,1
DA:50,1
DA:51,1
DA:52,1
DA:53,1
DA:54,1
DA:56,1
DA:57,1
DA:60,1
DA:62,1
DA:63,1
DA:65,1
DA:66,1
DA:67,1
DA:69,0
DA:70,0
DA:73,0
DA:78,1
DA:79,1
DA:98,1
DA:100,1
LF:59
LH:43
BRDA:2,0,0,1
BRDA:2,0,1,1
BRDA:2,0,2,1
BRDA:3,1,0,1
BRDA:3,1,1,0
BRDA:3,1,2,0
BRDA:3,1,3,0
BRDA:5,2,0,0
BRDA:5,2,1,0
BRDA:9,3,0,0
BRDA:9,3,1,1
BRDA:12,4,0,1
BRDA:12,4,1,1
BRDA:12,4,2,1
BRDA:13,5,0,1
BRDA:13,5,1,1
BRDA:16,6,0,0
BRDA:16,6,1,1
BRDA:17,7,0,1
BRDA:17,7,1,1
BRDA:20,8,0,1
BRDA:20,8,1,1
BRDA:20,8,2,1
BRDA:21,9,0,0
BRDA:21,9,1,0
BRDA:22,10,0,1
BRDA:22,10,1,1
BRDA:25,11,0,0
BRDA:25,11,1,1
BRDA:27,12,0,0
BRDA:27,12,1,2
BRDA:27,13,0,2
BRDA:27,13,1,0
BRDA:27,13,2,0
BRDA:27,14,0,0
BRDA:27,14,1,0
BRDA:27,15,0,0
BRDA:27,15,1,0
BRDA:28,16,0,0
BRDA:28,16,1,2
BRDA:29,17,0,1
BRDA:29,17,1,1
BRDA:29,17,2,1
BRDA:29,17,3,0
BRDA:29,17,4,0
BRDA:29,17,5,0
BRDA:35,18,0,0
BRDA:35,18,1,0
BRDA:35,19,0,0
BRDA:35,19,1,0
BRDA:35,19,2,0
BRDA:35,20,0,0
BRDA:35,20,1,0
BRDA:36,21,0,0
BRDA:36,21,1,0
BRDA:36,22,0,0
BRDA:36,22,1,0
BRDA:36,22,2,0
BRDA:36,22,3,0
BRDA:37,23,0,0
BRDA:37,23,1,0
BRDA:37,24,0,0
BRDA:37,24,1,0
BRDA:38,25,0,0
BRDA:38,25,1,0
BRDA:38,26,0,0
BRDA:38,26,1,0
BRDA:39,27,0,0
BRDA:39,27,1,0
BRDA:44,28,0,0
BRDA:44,28,1,0
BRDA:44,29,0,0
BRDA:44,29,1,0
BRDA:56,30,0,1
BRDA:56,30,1,1
BRDA:66,31,0,1
BRDA:66,31,1,0
BRDA:83,32,0,0
BRDA:83,32,1,1
BRDA:86,33,0,0
BRDA:86,33,1,0
BRDA:89,34,0,0
BRDA:89,34,1,0
BRDA:90,35,0,0
BRDA:90,35,1,0
BRDA:96,36,0,0
BRDA:96,36,1,1
BRF:87
BRH:30
end_of_record
TN:
SF:C:\Users\kiljo\source\repos\truffle_practice\chapter1_react_typescript\src\index.tsx
FNF:0
FNH:0
DA:1,0
DA:2,0
DA:3,0
DA:4,0
DA:5,0
DA:6,0
DA:7,0
LF:7
LH:0
BRF:0
BRH:0
end_of_record
TN:
SF:C:\Users\kiljo\source\repos\truffle_practice\chapter1_react_typescript\src\components\MetaWallet.tsx
FN:2,(anonymous_0)
FN:4,(anonymous_1)
FN:5,(anonymous_2)
FN:6,(anonymous_3)
FN:8,__
FN:12,(anonymous_5)
FN:13,(anonymous_6)
FN:14,fulfilled
FN:15,rejected
FN:16,step
FN:16,(anonymous_10)
FN:20,(anonymous_11)
FN:21,(anonymous_12)
FN:22,(anonymous_13)
FN:23,verb
FN:23,(anonymous_15)
FN:24,step
FN:51,(anonymous_17)
FN:53,MetaWallet
FN:63,(anonymous_19)
FN:64,(anonymous_20)
FN:66,(anonymous_21)
FN:102,(anonymous_22)
FNF:23
FNH:4
FNDA:1,(anonymous_0)
FNDA:0,(anonymous_1)
FNDA:0,(anonymous_2)
FNDA:1,(anonymous_3)
FNDA:1,__
FNDA:0,(anonymous_5)
FNDA:0,(anonymous_6)
FNDA:0,fulfilled
FNDA:0,rejected
FNDA:0,step
FNDA:0,(anonymous_10)
FNDA:0,(anonymous_11)
FNDA:0,(anonymous_12)
FNDA:0,(anonymous_13)
FNDA:0,verb
FNDA:0,(anonymous_15)
FNDA:0,step
FNDA:1,(anonymous_17)
FNDA:0,MetaWallet
FNDA:0,(anonymous_19)
FNDA:0,(anonymous_20)
FNDA:0,(anonymous_21)
FNDA:0,(anonymous_22)
DA:2,1
DA:3,1
DA:4,0
DA:5,0
DA:6,1
DA:7,1
DA:8,1
DA:9,1
DA:12,1
DA:13,0
DA:14,0
DA:15,0
DA:16,0
DA:17,0
DA:20,1
DA:21,0
DA:22,0
DA:23,0
DA:25,0
DA:26,0
DA:27,0
DA:28,0
DA:29,0
DA:30,0
DA:31,0
DA:32,0
DA:33,0
DA:35,0
DA:36,0
DA:37,0
DA:38,0
DA:39,0
DA:40,0
DA:42,0
DA:43,0
DA:44,0
DA:47,1
DA:48,1
DA:49,1
DA:50,1
DA:51,1
DA:52,1
DA:54,0
DA:55,0
DA:61,0
DA:63,1
DA:64,0
DA:66,0
DA:67,0
DA:69,0
DA:70,0
DA:74,0
DA:76,0
DA:77,0
DA:79,0
DA:80,0
DA:82,0
DA:83,0
DA:85,0
DA:86,0
DA:87,0
DA:88,0
DA:90,0
DA:91,0
DA:97,0
DA:102,1
DA:103,0
DA:115,1
DA:117,1
LF:69
LH:18
BRDA:2,0,0,1
BRDA:2,0,1,1
BRDA:2,0,2,1
BRDA:3,1,0,1
BRDA:3,1,1,0
BRDA:3,1,2,0
BRDA:3,1,3,0
BRDA:5,2,0,0
BRDA:5,2,1,0
BRDA:9,3,0,0
BRDA:9,3,1,1
BRDA:12,4,0,1
BRDA:12,4,1,1
BRDA:12,4,2,1
BRDA:13,5,0,0
BRDA:13,5,1,0
BRDA:16,6,0,0
BRDA:16,6,1,0
BRDA:17,7,0,0
BRDA:17,7,1,0
BRDA:20,8,0,1
BRDA:20,8,1,1
BRDA:20,8,2,1
BRDA:21,9,0,0
BRDA:21,9,1,0
BRDA:22,10,0,0
BRDA:22,10,1,0
BRDA:25,11,0,0
BRDA:25,11,1,0
BRDA:27,12,0,0
BRDA:27,12,1,0
BRDA:27,13,0,0
BRDA:27,13,1,0
BRDA:27,13,2,0
BRDA:27,14,0,0
BRDA:27,14,1,0
BRDA:27,15,0,0
BRDA:27,15,1,0
BRDA:28,16,0,0
BRDA:28,16,1,0
BRDA:29,17,0,0
BRDA:29,17,1,0
BRDA:29,17,2,0
BRDA:29,17,3,0
BRDA:29,17,4,0
BRDA:29,17,5,0
BRDA:35,18,0,0
BRDA:35,18,1,0
BRDA:35,19,0,0
BRDA:35,19,1,0
BRDA:35,19,2,0
BRDA:35,20,0,0
BRDA:35,20,1,0
BRDA:36,21,0,0
BRDA:36,21,1,0
BRDA:36,22,0,0
BRDA:36,22,1,0
BRDA:36,22,2,0
BRDA:36,22,3,0
BRDA:37,23,0,0
BRDA:37,23,1,0
BRDA:37,24,0,0
BRDA:37,24,1,0
BRDA:38,25,0,0
BRDA:38,25,1,0
BRDA:38,26,0,0
BRDA:38,26,1,0
BRDA:39,27,0,0
BRDA:39,27,1,0
BRDA:44,28,0,0
BRDA:44,28,1,0
BRDA:44,29,0,0
BRDA:44,29,1,0
BRDA:54,30,0,0
BRDA:54,30,1,0
BRDA:67,31,0,0
BRDA:67,31,1,0
BRDA:67,31,2,0
BRDA:67,31,3,0
BRDA:67,31,4,0
BRDA:67,31,5,0
BRDA:69,32,0,0
BRDA:69,32,1,0
BRDA:110,33,0,0
BRDA:110,33,1,0
BRF:85
BRH:11
end_of_record
TN:
SF:C:\Users\kiljo\source\repos\truffle_practice\chapter1_react_typescript\src\contract-interfaces\IMetaCoin.ts
FNF:0
FNH:0
DA:1,0
DA:2,0
LF:2
LH:0
BRF:0
BRH:0
end_of_record
TN:
SF:C:\Users\kiljo\source\repos\truffle_practice\chapter1_react_typescript\src\util\getWeb3.ts
FN:5,(anonymous_0)
FN:7,(anonymous_1)
FN:9,(anonymous_2)
FNF:3
FNH:2
FNDA:1,(anonymous_0)
FNDA:1,(anonymous_1)
FNDA:0,(anonymous_2)
DA:2,1
DA:3,1
DA:5,1
DA:6,1
DA:7,1
DA:9,1
DA:10,0
DA:12,0
DA:13,0
DA:14,0
DA:18,0
DA:19,0
DA:20,0
DA:22,0
DA:23,0
DA:27,1
DA:29,1
LF:17
LH:8
BRDA:6,0,0,1
BRDA:6,0,1,0
BRDA:12,1,0,0
BRDA:12,1,1,0
BRF:4
BRH:1
end_of_record
